Arguments: 
  C:\Program Files\nodejs\node.exe C:\Program Files\nodejs\node_modules\yarn\bin\yarn.js

PATH: 
  C:\Program Files\Common Files\Oracle\Java\javapath;C:\Oracle\product\12.1.0\client_1\bin;C:\Program Files (x86)\Common Files\Oracle\Java\javapath;C:\WINDOWS\system32;C:\WINDOWS;C:\WINDOWS\System32\Wbem;C:\WINDOWS\System32\WindowsPowerShell\v1.0\;C:\WINDOWS\System32\OpenSSH\;C:\Program Files (x86)\Intel\Intel(R) Management Engine Components\DAL;C:\Program Files\Intel\Intel(R) Management Engine Components\DAL;C:\Program Files (x86)\PuTTY\;C:\Program Files\Git\cmd;C:\Program Files (x86)\Bitvise SSH Client;C:\Users\AVROGAL1\AppData\Roaming\nvm;C:\Program Files\nodejs;C:\HashiCorp\Vagrant\bin;C:\Program Files (x86)\sbt\bin;C:\Program Files\Kubernetes\Minikube;C:\Go\bin;C:\progs;C:\ProgramData\chocolatey\bin;C:\Program Files\Git LFS;C:\Program Files (x86)\scala\bin;C:\Program Files\Docker\Docker\resources\bin;C:\ProgramData\DockerDesktop\version-bin;C:\maven\apache-maven-3.6.3\bin;C:\gradle\gradle-6.7.1\bin;C:\Users\AVROGAL1\scoop\shims;C:\Users\AVROGAL1\AppData\Local\Microsoft\WindowsApps;C:\Users\AVROGAL1\AppData\Local\atom\bin;C:\Mercurial;C:\Users\AVROGAL1\AppData\Roaming\nvm;C:\Program Files\nodejs;C:\Program Files\JetBrains\WebStorm 2020.3\bin;;C:\Users\AVROGAL1\AppData\Local\Programs\Microsoft VS Code\bin;C:\Program Files\Multipass\bin;C:\Program Files\MicroK8s;C:\Users\AVROGAL1\go\bin;C:\Program Files\JetBrains\DataGrip 2020.3\bin;;C:\Users\AVROGAL1\AppData\Local\.meteor;

Yarn version: 
  1.22.10

Node version: 
  15.5.0

Platform: 
  win32 x64

Trace: 
  Error: unable to verify the first certificate
      at TLSSocket.onConnectSecure (node:_tls_wrap:1518:34)
      at TLSSocket.emit (node:events:376:20)
      at TLSSocket._finishInit (node:_tls_wrap:942:8)
      at TLSWrap.ssl.onhandshakedone (node:_tls_wrap:716:12)

npm manifest: 
  {
  	"name": "twgl-webpack",
  	"version": "1.0.0",
  	"description": "twgl-webpack ES6 build",
  	"scripts": {
  		"start": "webpack-dev-server --port 3000 --config webpack.dev.js --watch --colors --progress --host 0.0.0.0",
  		"build": "webpack --config webpack.prod.js --colors --progress"
  	},
  	"author": "felixturner",
  	"license": "MIT",
  	"dependencies": {
  		"npm": "^6.11.2",
  		"stats.js": "^0.17.0",
  		"twgl.js": "^4.5.2"
  	},
  	"devDependencies": {
  		"webpack": "^4.19.0",
  		"webpack-cli": "^3.1.0",
  		"webpack-dev-server": "^3.8.0",
  		"webpack-merge": "^4.1.4"
  	}
  }

yarn manifest: 
  No manifest

Lockfile: 
  No lockfile
